2025-08-12 19:36:53 - flashscore_live - INFO - Logger initialized for flashscore_live scraper
2025-08-12 19:36:53 - flashscore_live - INFO - Log file: scraper_logs/flashscore_live.log
2025-08-12 19:36:53 - flashscore_live - INFO - [INIT] | Initializing Flashscore Live Results scraper
2025-08-12 19:36:53 - flashscore_live - INFO - [INIT_COMPLETE] | Connected to matches database
2025-08-12 19:36:53 - flashscore_live - INFO - [START] | Starting Flashscore Live core data extraction
2025-08-12 19:36:56 - flashscore_live - INFO - [SPORTS_MAPPED] | Found 40 sports for live updates
2025-08-12 19:36:56 - flashscore_live - INFO - [LIVE_SPORTS_FILTERED] | Processing 25 sports for live results
2025-08-12 19:36:56 - flashscore_live - INFO - [PROCESSING_LIVE_SPORT] | Processing live results for snooker
2025-08-12 19:36:56 - flashscore_live - INFO - [LIVE_SPORT_COMPLETED] | Sport: snooker, Live matches updated: 14
2025-08-12 19:36:56 - flashscore_live - INFO - [PROCESSING_LIVE_SPORT] | Processing live results for aussie-rules
2025-08-12 19:36:56 - flashscore_live - INFO - [LIVE_SPORT_COMPLETED] | Sport: aussie-rules, Live matches updated: 0
2025-08-12 19:36:56 - flashscore_live - INFO - [PROCESSING_LIVE_SPORT] | Processing live results for volleyball
2025-08-12 19:36:56 - flashscore_live - INFO - [LIVE_SPORT_COMPLETED] | Sport: volleyball, Live matches updated: 14
2025-08-12 19:36:56 - flashscore_live - INFO - [PROCESSING_LIVE_SPORT] | Processing live results for beach-volleyball
2025-08-12 19:36:56 - flashscore_live - INFO - [LIVE_SPORT_COMPLETED] | Sport: beach-volleyball, Live matches updated: 0
2025-08-12 19:36:56 - flashscore_live - INFO - [PROCESSING_LIVE_SPORT] | Processing live results for cricket
2025-08-12 19:36:56 - flashscore_live - INFO - [LIVE_SPORT_COMPLETED] | Sport: cricket, Live matches updated: 2
2025-08-12 19:36:56 - flashscore_live - INFO - [PROCESSING_LIVE_SPORT] | Processing live results for rugby-league
2025-08-12 19:36:56 - flashscore_live - INFO - [LIVE_SPORT_COMPLETED] | Sport: rugby-league, Live matches updated: 0
2025-08-12 19:36:56 - flashscore_live - INFO - [PROCESSING_LIVE_SPORT] | Processing live results for futsal
2025-08-12 19:36:56 - flashscore_live - INFO - [LIVE_SPORT_COMPLETED] | Sport: futsal, Live matches updated: 3
2025-08-12 19:36:57 - flashscore_live - INFO - [PROCESSING_LIVE_SPORT] | Processing live results for bandy
2025-08-12 19:36:57 - flashscore_live - INFO - [LIVE_SPORT_COMPLETED] | Sport: bandy, Live matches updated: 0
2025-08-12 19:36:57 - flashscore_live - INFO - [PROCESSING_LIVE_SPORT] | Processing live results for baseball
2025-08-12 19:36:57 - flashscore_live - INFO - [LIVE_SPORT_COMPLETED] | Sport: baseball, Live matches updated: 24
2025-08-12 19:36:57 - flashscore_live - INFO - [PROCESSING_LIVE_SPORT] | Processing live results for rugby-union
2025-08-12 19:36:57 - flashscore_live - INFO - [LIVE_SPORT_COMPLETED] | Sport: rugby-union, Live matches updated: 0
2025-08-12 19:36:57 - flashscore_live - INFO - [PROCESSING_LIVE_SPORT] | Processing live results for floorball
2025-08-12 19:36:57 - flashscore_live - INFO - [LIVE_SPORT_COMPLETED] | Sport: floorball, Live matches updated: 4
2025-08-12 19:36:57 - flashscore_live - INFO - [PROCESSING_LIVE_SPORT] | Processing live results for soccer
2025-08-12 19:36:57 - flashscore_live - INFO - Executing 100 bulk flashscore_live_updates operations
2025-08-12 19:36:57 - flashscore_live - INFO - Bulk flashscore_live_updates completed successfully:
2025-08-12 19:36:57 - flashscore_live - INFO -   - Modified: 18
2025-08-12 19:36:57 - flashscore_live - INFO -   - Upserted: 0
2025-08-12 19:36:57 - flashscore_live - INFO -   - Inserted: 0
2025-08-12 19:36:57 - flashscore_live - INFO - [LIVE_SPORT_COMPLETED] | Sport: soccer, Live matches updated: 105
2025-08-12 19:36:57 - flashscore_live - INFO - [PROCESSING_LIVE_SPORT] | Processing live results for tennis
2025-08-12 19:36:57 - flashscore_live - INFO - Executing 100 bulk flashscore_live_updates operations
2025-08-12 19:36:57 - flashscore_live - INFO - Bulk flashscore_live_updates completed successfully:
2025-08-12 19:36:57 - flashscore_live - INFO -   - Modified: 18
2025-08-12 19:36:57 - flashscore_live - INFO -   - Upserted: 0
2025-08-12 19:36:57 - flashscore_live - INFO -   - Inserted: 0
2025-08-12 19:36:57 - flashscore_live - INFO - Executing 100 bulk flashscore_live_updates operations
2025-08-12 19:36:58 - flashscore_live - INFO - Bulk flashscore_live_updates completed successfully:
2025-08-12 19:36:58 - flashscore_live - INFO -   - Modified: 31
2025-08-12 19:36:58 - flashscore_live - INFO -   - Upserted: 0
2025-08-12 19:36:58 - flashscore_live - INFO -   - Inserted: 0
2025-08-12 19:36:58 - flashscore_live - INFO - Executing 100 bulk flashscore_live_updates operations
2025-08-12 19:36:58 - flashscore_live - INFO - Bulk flashscore_live_updates completed successfully:
2025-08-12 19:36:58 - flashscore_live - INFO -   - Modified: 24
2025-08-12 19:36:58 - flashscore_live - INFO -   - Upserted: 0
2025-08-12 19:36:58 - flashscore_live - INFO -   - Inserted: 0
2025-08-12 19:36:58 - flashscore_live - INFO - [LIVE_SPORT_COMPLETED] | Sport: tennis, Live matches updated: 302
2025-08-12 19:36:58 - flashscore_live - INFO - [PROCESSING_LIVE_SPORT] | Processing live results for handball
2025-08-12 19:36:58 - flashscore_live - INFO - [LIVE_SPORT_COMPLETED] | Sport: handball, Live matches updated: 12
2025-08-12 19:36:58 - flashscore_live - INFO - [PROCESSING_LIVE_SPORT] | Processing live results for american-football
2025-08-12 19:36:58 - flashscore_live - INFO - [LIVE_SPORT_COMPLETED] | Sport: american-football, Live matches updated: 0
2025-08-12 19:36:58 - flashscore_live - INFO - [PROCESSING_LIVE_SPORT] | Processing live results for netball
2025-08-12 19:36:58 - flashscore_live - INFO - [LIVE_SPORT_COMPLETED] | Sport: netball, Live matches updated: 0
2025-08-12 19:36:58 - flashscore_live - INFO - [PROCESSING_LIVE_SPORT] | Processing live results for beach-soccer
2025-08-12 19:36:58 - flashscore_live - INFO - [LIVE_SPORT_COMPLETED] | Sport: beach-soccer, Live matches updated: 0
2025-08-12 19:36:58 - flashscore_live - INFO - [PROCESSING_LIVE_SPORT] | Processing live results for hockey
2025-08-12 19:36:58 - flashscore_live - INFO - [LIVE_SPORT_COMPLETED] | Sport: hockey, Live matches updated: 7
2025-08-12 19:36:58 - flashscore_live - INFO - [PROCESSING_LIVE_SPORT] | Processing live results for kabaddi
2025-08-12 19:36:58 - flashscore_live - INFO - [LIVE_SPORT_COMPLETED] | Sport: kabaddi, Live matches updated: 0
2025-08-12 19:36:58 - flashscore_live - INFO - [PROCESSING_LIVE_SPORT] | Processing live results for basketball
2025-08-12 19:36:58 - flashscore_live - INFO - Executing 100 bulk flashscore_live_updates operations
2025-08-12 19:36:59 - flashscore_live - INFO - Bulk flashscore_live_updates completed successfully:
2025-08-12 19:36:59 - flashscore_live - INFO -   - Modified: 40
2025-08-12 19:36:59 - flashscore_live - INFO -   - Upserted: 0
2025-08-12 19:36:59 - flashscore_live - INFO -   - Inserted: 0
2025-08-12 19:36:59 - flashscore_live - INFO - [LIVE_SPORT_COMPLETED] | Sport: basketball, Live matches updated: 18
2025-08-12 19:36:59 - flashscore_live - INFO - [PROCESSING_LIVE_SPORT] | Processing live results for table-tennis
2025-08-12 19:36:59 - flashscore_live - INFO - [LIVE_SPORT_COMPLETED] | Sport: table-tennis, Live matches updated: 0
2025-08-12 19:36:59 - flashscore_live - INFO - [PROCESSING_LIVE_SPORT] | Processing live results for pesapallo
2025-08-12 19:36:59 - flashscore_live - INFO - [LIVE_SPORT_COMPLETED] | Sport: pesapallo, Live matches updated: 0
2025-08-12 19:36:59 - flashscore_live - INFO - [PROCESSING_LIVE_SPORT] | Processing live results for field-hockey
2025-08-12 19:36:59 - flashscore_live - INFO - [LIVE_SPORT_COMPLETED] | Sport: field-hockey, Live matches updated: 3
2025-08-12 19:36:59 - flashscore_live - INFO - [PROCESSING_LIVE_SPORT] | Processing live results for water-polo
2025-08-12 19:36:59 - flashscore_live - INFO - [LIVE_SPORT_COMPLETED] | Sport: water-polo, Live matches updated: 5
2025-08-12 19:36:59 - flashscore_live - INFO - [PROCESSING_LIVE_SPORT] | Processing live results for badminton
2025-08-12 19:36:59 - flashscore_live - INFO - [LIVE_SPORT_COMPLETED] | Sport: badminton, Live matches updated: 0
2025-08-12 19:36:59 - flashscore_live - INFO - [FINAL_LIVE_BULK_UPDATE] | Executing final 13 live bulk operations
2025-08-12 19:36:59 - flashscore_live - INFO - Executing 13 bulk flashscore_live_updates operations
2025-08-12 19:36:59 - flashscore_live - INFO - Bulk flashscore_live_updates completed successfully:
2025-08-12 19:36:59 - flashscore_live - INFO -   - Modified: 4
2025-08-12 19:36:59 - flashscore_live - INFO -   - Upserted: 0
2025-08-12 19:36:59 - flashscore_live - INFO -   - Inserted: 0
2025-08-12 19:36:59 - flashscore_live - INFO - [LIVE_RESULTS_SCRAPER_COMPLETED] Matches: 513 | Flashscore Live Results scraper completed successfully
2025-08-12 19:36:59 - flashscore_live - INFO - [FINAL_LIVE_RESULTS_STATS] | Total updated: 513, Live: 26, Finished: 465, Cancelled/Postponed: 22
